{"/Users/mac/Desktop/frontend-project-46/src/index.js": {"path":"/Users/mac/Desktop/frontend-project-46/src/index.js","statementMap":{"0":{"start":{"line":5,"column":37},"end":{"line":8,"column":1}},"1":{"start":{"line":6,"column":21},"end":{"line":6,"column":58}},"2":{"start":{"line":7,"column":2},"end":{"line":7,"column":20}},"3":{"start":{"line":10,"column":40},"end":{"line":14,"column":1}},"4":{"start":{"line":11,"column":29},"end":{"line":11,"column":60}},"5":{"start":{"line":12,"column":18},"end":{"line":12,"column":53}},"6":{"start":{"line":13,"column":2},"end":{"line":13,"column":17}},"7":{"start":{"line":16,"column":41},"end":{"line":20,"column":1}},"8":{"start":{"line":17,"column":28},"end":{"line":17,"column":62}},"9":{"start":{"line":18,"column":21},"end":{"line":18,"column":50}},"10":{"start":{"line":19,"column":2},"end":{"line":19,"column":20}},"11":{"start":{"line":22,"column":32},"end":{"line":51,"column":1}},"12":{"start":{"line":28,"column":16},"end":{"line":28,"column":40}},"13":{"start":{"line":29,"column":16},"end":{"line":29,"column":40}},"14":{"start":{"line":30,"column":19},"end":{"line":30,"column":60}},"15":{"start":{"line":32,"column":16},"end":{"line":32,"column":44}},"16":{"start":{"line":33,"column":28},"end":{"line":33,"column":60}},"17":{"start":{"line":35,"column":2},"end":{"line":50,"column":9}},"18":{"start":{"line":36,"column":19},"end":{"line":36,"column":35}},"19":{"start":{"line":37,"column":19},"end":{"line":37,"column":35}},"20":{"start":{"line":39,"column":4},"end":{"line":48,"column":5}},"21":{"start":{"line":40,"column":6},"end":{"line":40,"column":56}},"22":{"start":{"line":41,"column":11},"end":{"line":48,"column":5}},"23":{"start":{"line":42,"column":6},"end":{"line":42,"column":47}},"24":{"start":{"line":43,"column":11},"end":{"line":48,"column":5}},"25":{"start":{"line":44,"column":6},"end":{"line":44,"column":47}},"26":{"start":{"line":46,"column":6},"end":{"line":46,"column":47}},"27":{"start":{"line":47,"column":6},"end":{"line":47,"column":47}},"28":{"start":{"line":49,"column":4},"end":{"line":49,"column":15}},"29":{"start":{"line":53,"column":35},"end":{"line":69,"column":1}},"30":{"start":{"line":59,"column":22},"end":{"line":59,"column":58}},"31":{"start":{"line":60,"column":22},"end":{"line":60,"column":58}},"32":{"start":{"line":62,"column":15},"end":{"line":67,"column":3}},"33":{"start":{"line":68,"column":2},"end":{"line":68,"column":36}}},"fnMap":{"0":{"name":"(anonymous_0)","decl":{"start":{"line":5,"column":37},"end":{"line":5,"column":38}},"loc":{"start":{"line":5,"column":51},"end":{"line":8,"column":1}},"line":5},"1":{"name":"(anonymous_1)","decl":{"start":{"line":10,"column":40},"end":{"line":10,"column":41}},"loc":{"start":{"line":10,"column":54},"end":{"line":14,"column":1}},"line":10},"2":{"name":"(anonymous_2)","decl":{"start":{"line":16,"column":41},"end":{"line":16,"column":42}},"loc":{"start":{"line":16,"column":55},"end":{"line":20,"column":1}},"line":16},"3":{"name":"(anonymous_3)","decl":{"start":{"line":22,"column":32},"end":{"line":22,"column":33}},"loc":{"start":{"line":27,"column":5},"end":{"line":51,"column":1}},"line":27},"4":{"name":"(anonymous_4)","decl":{"start":{"line":35,"column":25},"end":{"line":35,"column":26}},"loc":{"start":{"line":35,"column":39},"end":{"line":50,"column":3}},"line":35},"5":{"name":"(anonymous_5)","decl":{"start":{"line":53,"column":35},"end":{"line":53,"column":36}},"loc":{"start":{"line":58,"column":5},"end":{"line":69,"column":1}},"line":58}},"branchMap":{"0":{"loc":{"start":{"line":39,"column":4},"end":{"line":48,"column":5}},"type":"if","locations":[{"start":{"line":39,"column":4},"end":{"line":48,"column":5}},{"start":{"line":41,"column":11},"end":{"line":48,"column":5}}],"line":39},"1":{"loc":{"start":{"line":41,"column":11},"end":{"line":48,"column":5}},"type":"if","locations":[{"start":{"line":41,"column":11},"end":{"line":48,"column":5}},{"start":{"line":43,"column":11},"end":{"line":48,"column":5}}],"line":41},"2":{"loc":{"start":{"line":41,"column":15},"end":{"line":41,"column":59}},"type":"binary-expr","locations":[{"start":{"line":41,"column":15},"end":{"line":41,"column":35}},{"start":{"line":41,"column":39},"end":{"line":41,"column":59}}],"line":41},"3":{"loc":{"start":{"line":43,"column":11},"end":{"line":48,"column":5}},"type":"if","locations":[{"start":{"line":43,"column":11},"end":{"line":48,"column":5}},{"start":{"line":45,"column":11},"end":{"line":48,"column":5}}],"line":43},"4":{"loc":{"start":{"line":43,"column":15},"end":{"line":43,"column":59}},"type":"binary-expr","locations":[{"start":{"line":43,"column":15},"end":{"line":43,"column":35}},{"start":{"line":43,"column":39},"end":{"line":43,"column":59}}],"line":43},"5":{"loc":{"start":{"line":56,"column":2},"end":{"line":56,"column":16}},"type":"default-arg","locations":[{"start":{"line":56,"column":13},"end":{"line":56,"column":16}}],"line":56},"6":{"loc":{"start":{"line":57,"column":2},"end":{"line":57,"column":17}},"type":"default-arg","locations":[{"start":{"line":57,"column":16},"end":{"line":57,"column":17}}],"line":57}},"s":{"0":1,"1":2,"2":2,"3":1,"4":2,"5":2,"6":2,"7":1,"8":2,"9":2,"10":2,"11":1,"12":1,"13":1,"14":1,"15":1,"16":1,"17":1,"18":5,"19":5,"20":5,"21":1,"22":4,"23":2,"24":2,"25":1,"26":1,"27":1,"28":5,"29":1,"30":1,"31":1,"32":1,"33":1},"f":{"0":2,"1":2,"2":2,"3":1,"4":5,"5":1},"b":{"0":[1,4],"1":[2,2],"2":[4,3],"3":[1,1],"4":[2,1],"5":[1],"6":[1]},"_coverageSchema":"1a1c01bbd47fc00a2c39e90264f33305004495a9","hash":"75a02ed3103b8e68a380225cd86bcad77b5bca81"}
}
