TN:
SF:src/index.js
FN:5,(anonymous_0)
FN:10,(anonymous_1)
FN:16,(anonymous_2)
FN:22,(anonymous_3)
FN:35,(anonymous_4)
FN:53,(anonymous_5)
FNF:6
FNH:6
FNDA:2,(anonymous_0)
FNDA:2,(anonymous_1)
FNDA:2,(anonymous_2)
FNDA:1,(anonymous_3)
FNDA:5,(anonymous_4)
FNDA:1,(anonymous_5)
DA:5,1
DA:6,2
DA:7,2
DA:10,1
DA:11,2
DA:12,2
DA:13,2
DA:16,1
DA:17,2
DA:18,2
DA:19,2
DA:22,1
DA:28,1
DA:29,1
DA:30,1
DA:32,1
DA:33,1
DA:35,1
DA:36,5
DA:37,5
DA:39,5
DA:40,1
DA:41,4
DA:42,2
DA:43,2
DA:44,1
DA:46,1
DA:47,1
DA:49,5
DA:53,1
DA:59,1
DA:60,1
DA:62,1
DA:68,1
LF:34
LH:34
BRDA:39,0,0,1
BRDA:39,0,1,4
BRDA:41,1,0,2
BRDA:41,1,1,2
BRDA:41,2,0,4
BRDA:41,2,1,3
BRDA:43,3,0,1
BRDA:43,3,1,1
BRDA:43,4,0,2
BRDA:43,4,1,1
BRDA:56,5,0,1
BRDA:57,6,0,1
BRF:12
BRH:12
end_of_record
